[debug] [2018-07-28T07:52:22.885Z] ----------------------------------------------------------------------
[debug] [2018-07-28T07:52:22.889Z] Command:       /usr/bin/node /usr/bin/firebase serve
[debug] [2018-07-28T07:52:22.889Z] CLI Version:   3.19.3
[debug] [2018-07-28T07:52:22.889Z] Platform:      linux
[debug] [2018-07-28T07:52:22.889Z] Node Version:  v8.11.3
[debug] [2018-07-28T07:52:22.889Z] Time:          Sat Jul 28 2018 09:52:22 GMT+0200 (CEST)
[debug] [2018-07-28T07:52:22.889Z] ----------------------------------------------------------------------
[debug] 
[debug] [2018-07-28T07:52:22.926Z] > command requires scopes: ["email","openid","https://www.googleapis.com/auth/cloudplatformprojects.readonly","https://www.googleapis.com/auth/firebase","https://www.googleapis.com/auth/cloud-platform"]
[debug] [2018-07-28T07:52:22.926Z] > authorizing via signed-in user
[debug] [2018-07-28T07:52:22.929Z] > refreshing access token with scopes: ["email","https://www.googleapis.com/auth/cloud-platform","https://www.googleapis.com/auth/cloudplatformprojects.readonly","https://www.googleapis.com/auth/firebase","openid"]
[debug] [2018-07-28T07:52:22.929Z] >>> HTTP REQUEST POST https://www.googleapis.com/oauth2/v3/token  
 { refresh_token: '1/GzWfuZNO1v9IQaf9Rd4nFVmgAvncjvzc7SdngVbB-iIljvOa4gUb8h3r7FySKa2T',
  client_id: '563584335869-fgrhgmd47bqnekij5i8b5pr03ho849e6.apps.googleusercontent.com',
  client_secret: 'j9iVZfS8kkCEFUPaAeJV0sAi',
  grant_type: 'refresh_token',
  scope: 'email https://www.googleapis.com/auth/cloud-platform https://www.googleapis.com/auth/cloudplatformprojects.readonly https://www.googleapis.com/auth/firebase openid' } 
 Sat Jul 28 2018 09:52:22 GMT+0200 (CEST)
[debug] [2018-07-28T07:52:23.630Z] <<< HTTP RESPONSE 200
[debug] [2018-07-28T07:52:23.669Z] >>> HTTP REQUEST GET https://admin.firebase.com/v1/projects/liftion-official  
  
 Sat Jul 28 2018 09:52:23 GMT+0200 (CEST)
[debug] [2018-07-28T07:52:25.478Z] <<< HTTP RESPONSE 200
[debug] [2018-07-28T07:52:25.480Z] >>> HTTP REQUEST GET https://admin.firebase.com/v1/database/liftion-official/tokens  
  
 Sat Jul 28 2018 09:52:25 GMT+0200 (CEST)
[debug] [2018-07-28T07:52:26.824Z] <<< HTTP RESPONSE 200
[debug] [2018-07-28T07:52:26.825Z] >>> HTTP REQUEST GET https://cloudresourcemanager.googleapis.com/v1/projects/liftion-official  
  
 Sat Jul 28 2018 09:52:26 GMT+0200 (CEST)
[debug] [2018-07-28T07:52:29.258Z] <<< HTTP RESPONSE 200
[info] 
[info] === Serving from '/home/yoris/liftionwebprojectinfirebase'...
[info] 
[debug] [2018-07-28T07:52:29.261Z] >>> HTTP REQUEST GET https://mobilesdk-pa.googleapis.com/v1/projects/41555807831/clients/_:getWebAppConfig  
  
 Sat Jul 28 2018 09:52:29 GMT+0200 (CEST)
[debug] [2018-07-28T07:52:30.885Z] <<< HTTP RESPONSE 200
[info] i  hosting: Serving hosting files from: public
[info] ✔  hosting: Local server: http://localhost:5000

